#
# There is insufficient memory for the Java Runtime Environment to continue.
# Native memory allocation (malloc) failed to allocate 594896 bytes for Chunk::new
# Possible reasons:
#   The system is out of physical RAM or swap space
#   The process is running with CompressedOops enabled, and the Java Heap may be blocking the growth of the native heap
# Possible solutions:
#   Reduce memory load on the system
#   Increase physical memory or swap space
#   Check if swap backing store is full
#   Decrease Java heap size (-Xmx/-Xms)
#   Decrease number of Java threads
#   Decrease Java thread stack sizes (-Xss)
#   Set larger code cache with -XX:ReservedCodeCacheSize=
#   JVM is running with Unscaled Compressed Oops mode in which the Java heap is
#     placed in the first 4GB address space. The Java Heap base address is the
#     maximum limit for the native heap growth. Please use -XX:HeapBaseMinAddress
#     to set the Java Heap base and to place the Java Heap above 4GB virtual address.
# This output file may be truncated or incomplete.
#
#  Out of Memory Error (allocation.cpp:389), pid=13396, tid=0x0000000000002fe8
#
# JRE version: Java(TM) SE Runtime Environment (8.0_231-b11) (build 1.8.0_231-b11)
# Java VM: Java HotSpot(TM) 64-Bit Server VM (25.231-b11 mixed mode windows-amd64 compressed oops)
# Failed to write core dump. Minidumps are not enabled by default on client versions of Windows
#

---------------  T H R E A D  ---------------

Current thread (0x00000000152d6000):  JavaThread "C2 CompilerThread0" daemon [_thread_in_native, id=12264, stack(0x0000000016930000,0x0000000016a30000)]

Stack: [0x0000000016930000,0x0000000016a30000]
[error occurred during error reporting (printing stack bounds), id 0xc0000005]

Native frames: (J=compiled Java code, j=interpreted, Vv=VM code, C=native code)


Current CompileTask:
C2:   5568 1038       4       java.io.WinNTFileSystem::normalize (143 bytes)


---------------  P R O C E S S  ---------------

Java Threads: ( => current thread )
  0x0000000017de0000 JavaThread "background-preinit" [_thread_in_Java, id=2792, stack(0x0000000018d60000,0x0000000018e60000)]
  0x0000000017a11000 JavaThread "restartedMain" [_thread_in_vm, id=2240, stack(0x0000000017c90000,0x0000000017d90000)]
  0x00000000176ee000 JavaThread "Thread-0" [_thread_blocked, id=2012, stack(0x0000000017b90000,0x0000000017c90000)]
  0x0000000016a3c800 JavaThread "Service Thread" daemon [_thread_blocked, id=7032, stack(0x0000000017030000,0x0000000017130000)]
  0x000000001532e000 JavaThread "C1 CompilerThread2" daemon [_thread_blocked, id=6528, stack(0x0000000016f30000,0x0000000017030000)]
  0x000000001532b800 JavaThread "C2 CompilerThread1" daemon [_thread_blocked, id=10212, stack(0x0000000016e30000,0x0000000016f30000)]
=>0x00000000152d6000 JavaThread "C2 CompilerThread0" daemon [_thread_in_native, id=12264, stack(0x0000000016930000,0x0000000016a30000)]
  0x00000000152d4000 JavaThread "Attach Listener" daemon [_thread_blocked, id=3116, stack(0x0000000016830000,0x0000000016930000)]
  0x00000000152d2800 JavaThread "Signal Dispatcher" daemon [_thread_blocked, id=5240, stack(0x0000000016730000,0x0000000016830000)]
  0x00000000152ba000 JavaThread "Finalizer" daemon [_thread_blocked, id=5748, stack(0x0000000016520000,0x0000000016620000)]
  0x0000000002c23800 JavaThread "Reference Handler" daemon [_thread_blocked, id=9060, stack(0x0000000016420000,0x0000000016520000)]
  0x0000000002b34000 JavaThread "main" [_thread_blocked, id=7468, stack(0x0000000002980000,0x0000000002a80000)]

Other Threads:
  0x0000000015298000 VMThread [stack: 0x0000000016320000,0x0000000016420000] [id=12136]
  0x0000000016a76000 WatcherThread [stack: 0x0000000017130000,0x0000000017230000] [id=7272]

VM state:not at safepoint (normal execution)

VM Mutex/Monitor currently owned by a thread: None

heap address: 0x00000000c1e00000, size: 994 MB, Compressed Oops mode: 32-bit
Narrow klass base: 0x0000000000000000, Narrow klass shift: 3
Compressed class space size: 1073741824 Address: 0x0000000100000000

Heap:
 PSYoungGen      total 35328K, used 24278K [0x00000000eb500000, 0x00000000eda00000, 0x0000000100000000)
  eden space 32768K, 66% used [0x00000000eb500000,0x00000000eca367c0,0x00000000ed500000)
  from space 2560K, 99% used [0x00000000ed780000,0x00000000ed9ff208,0x00000000eda00000)
  to   space 2560K, 0% used [0x00000000ed500000,0x00000000ed500000,0x00000000ed780000)
 ParOldGen       total 44032K, used 1180K [0x00000000c1e00000, 0x00000000c4900000, 0x00000000eb500000)
  object space 44032K, 2% used [0x00000000c1e00000,0x00000000c1f27190,0x00000000c4900000)
 Metaspace       used 11543K, capacity 11846K, committed 12032K, reserved 1060864K
  class space    used 1418K, capacity 1534K, committed 1536K, reserved 1048576K

Card table byte_map: [0x00000000120d0000,0x00000000122d0000] byte_map_base: 0x0000000011ac1000

Marking Bits: (ParMarkBitMap*) 0x000000006da76d90
 Begin Bits: [0x0000000012820000, 0x00000000137a8000)
 End Bits:   [0x00000000137a8000, 0x0000000014730000)

Polling page: 0x0000000001070000

CodeCache: size=245760Kb used=3802Kb max_used=3802Kb free=241957Kb
 bounds [0x0000000002d10000, 0x00000000030d0000, 0x0000000011d10000]
 total_blobs=1386 nmethods=1063 adapters=236
 compilation: enabled

Compilation events (10 events):
Event: 5.522 Thread 0x000000001532e000 1059       3       java.lang.Enum::<init> (15 bytes)
Event: 5.522 Thread 0x000000001532e000 nmethod 1059 0x00000000030c6390 code [0x00000000030c64e0, 0x00000000030c66b0]
Event: 5.523 Thread 0x000000001532e000 1060       3       sun.reflect.generics.reflectiveObjects.ParameterizedTypeImpl::getActualTypeArguments (11 bytes)
Event: 5.524 Thread 0x000000001532e000 nmethod 1060 0x00000000030c5e10 code [0x00000000030c5f80, 0x00000000030c62a8]
Event: 5.524 Thread 0x000000001532e000 1061       1       org.springframework.boot.context.properties.source.PropertyMapping::getPropertySourceName (5 bytes)
Event: 5.524 Thread 0x000000001532e000 nmethod 1061 0x00000000030c5b50 code [0x00000000030c5ca0, 0x00000000030c5db0]
Event: 5.525 Thread 0x000000001532e000 1062       1       java.util.HashMap$Node::getValue (5 bytes)
Event: 5.525 Thread 0x000000001532e000 nmethod 1062 0x00000000030c5890 code [0x00000000030c59e0, 0x00000000030c5af0]
Event: 5.527 Thread 0x000000001532e000 1064       3       java.lang.Class::checkMemberAccess (49 bytes)
Event: 5.527 Thread 0x000000001532e000 nmethod 1064 0x00000000030c74d0 code [0x00000000030c7660, 0x00000000030c7bb8]

GC Heap History (8 events):
Event: 3.356 GC heap before
{Heap before GC invocations=1 (full 0):
 PSYoungGen      total 18944K, used 16384K [0x00000000eb500000, 0x00000000eca00000, 0x0000000100000000)
  eden space 16384K, 100% used [0x00000000eb500000,0x00000000ec500000,0x00000000ec500000)
  from space 2560K, 0% used [0x00000000ec780000,0x00000000ec780000,0x00000000eca00000)
  to   space 2560K, 0% used [0x00000000ec500000,0x00000000ec500000,0x00000000ec780000)
 ParOldGen       total 44032K, used 0K [0x00000000c1e00000, 0x00000000c4900000, 0x00000000eb500000)
  object space 44032K, 0% used [0x00000000c1e00000,0x00000000c1e00000,0x00000000c4900000)
 Metaspace       used 6486K, capacity 6702K, committed 6784K, reserved 1056768K
  class space    used 756K, capacity 835K, committed 896K, reserved 1048576K
Event: 3.411 GC heap after
Heap after GC invocations=1 (full 0):
 PSYoungGen      total 18944K, used 2546K [0x00000000eb500000, 0x00000000eca00000, 0x0000000100000000)
  eden space 16384K, 0% used [0x00000000eb500000,0x00000000eb500000,0x00000000ec500000)
  from space 2560K, 99% used [0x00000000ec500000,0x00000000ec77cb50,0x00000000ec780000)
  to   space 2560K, 0% used [0x00000000ec780000,0x00000000ec780000,0x00000000eca00000)
 ParOldGen       total 44032K, used 303K [0x00000000c1e00000, 0x00000000c4900000, 0x00000000eb500000)
  object space 44032K, 0% used [0x00000000c1e00000,0x00000000c1e4bda8,0x00000000c4900000)
 Metaspace       used 6486K, capacity 6702K, committed 6784K, reserved 1056768K
  class space    used 756K, capacity 835K, committed 896K, reserved 1048576K
}
Event: 3.688 GC heap before
{Heap before GC invocations=2 (full 0):
 PSYoungGen      total 18944K, used 18902K [0x00000000eb500000, 0x00000000eca00000, 0x0000000100000000)
  eden space 16384K, 99% used [0x00000000eb500000,0x00000000ec4f8e18,0x00000000ec500000)
  from space 2560K, 99% used [0x00000000ec500000,0x00000000ec77cb50,0x00000000ec780000)
  to   space 2560K, 0% used [0x00000000ec780000,0x00000000ec780000,0x00000000eca00000)
 ParOldGen       total 44032K, used 303K [0x00000000c1e00000, 0x00000000c4900000, 0x00000000eb500000)
  object space 44032K, 0% used [0x00000000c1e00000,0x00000000c1e4bda8,0x00000000c4900000)
 Metaspace       used 6844K, capacity 6990K, committed 7040K, reserved 1056768K
  class space    used 795K, capacity 867K, committed 896K, reserved 1048576K
Event: 3.736 GC heap after
Heap after GC invocations=2 (full 0):
 PSYoungGen      total 18944K, used 2137K [0x00000000eb500000, 0x00000000eda00000, 0x0000000100000000)
  eden space 16384K, 0% used [0x00000000eb500000,0x00000000eb500000,0x00000000ec500000)
  from space 2560K, 83% used [0x00000000ec780000,0x00000000ec996788,0x00000000eca00000)
  to   space 2560K, 0% used [0x00000000ec500000,0x00000000ec500000,0x00000000ec780000)
 ParOldGen       total 44032K, used 311K [0x00000000c1e00000, 0x00000000c4900000, 0x00000000eb500000)
  object space 44032K, 0% used [0x00000000c1e00000,0x00000000c1e4dda8,0x00000000c4900000)
 Metaspace       used 6844K, capacity 6990K, committed 7040K, reserved 1056768K
  class space    used 795K, capacity 867K, committed 896K, reserved 1048576K
}
Event: 3.746 GC heap before
{Heap before GC invocations=3 (full 0):
 PSYoungGen      total 18944K, used 18494K [0x00000000eb500000, 0x00000000eda00000, 0x0000000100000000)
  eden space 16384K, 99% used [0x00000000eb500000,0x00000000ec4f9288,0x00000000ec500000)
  from space 2560K, 83% used [0x00000000ec780000,0x00000000ec996788,0x00000000eca00000)
  to   space 2560K, 0% used [0x00000000ec500000,0x00000000ec500000,0x00000000ec780000)
 ParOldGen       total 44032K, used 311K [0x00000000c1e00000, 0x00000000c4900000, 0x00000000eb500000)
  object space 44032K, 0% used [0x00000000c1e00000,0x00000000c1e4dda8,0x00000000c4900000)
 Metaspace       used 6844K, capacity 6990K, committed 7040K, reserved 1056768K
  class space    used 795K, capacity 867K, committed 896K, reserved 1048576K
Event: 3.760 GC heap after
Heap after GC invocations=3 (full 0):
 PSYoungGen      total 18944K, used 1829K [0x00000000eb500000, 0x00000000eda00000, 0x0000000100000000)
  eden space 16384K, 0% used [0x00000000eb500000,0x00000000eb500000,0x00000000ec500000)
  from space 2560K, 71% used [0x00000000ec500000,0x00000000ec6c9618,0x00000000ec780000)
  to   space 2560K, 0% used [0x00000000ed780000,0x00000000ed780000,0x00000000eda00000)
 ParOldGen       total 44032K, used 319K [0x00000000c1e00000, 0x00000000c4900000, 0x00000000eb500000)
  object space 44032K, 0% used [0x00000000c1e00000,0x00000000c1e4fda8,0x00000000c4900000)
 Metaspace       used 6844K, capacity 6990K, committed 7040K, reserved 1056768K
  class space    used 795K, capacity 867K, committed 896K, reserved 1048576K
}
Event: 4.734 GC heap before
{Heap before GC invocations=4 (full 0):
 PSYoungGen      total 18944K, used 18213K [0x00000000eb500000, 0x00000000eda00000, 0x0000000100000000)
  eden space 16384K, 100% used [0x00000000eb500000,0x00000000ec500000,0x00000000ec500000)
  from space 2560K, 71% used [0x00000000ec500000,0x00000000ec6c9618,0x00000000ec780000)
  to   space 2560K, 0% used [0x00000000ed780000,0x00000000ed780000,0x00000000eda00000)
 ParOldGen       total 44032K, used 319K [0x00000000c1e00000, 0x00000000c4900000, 0x00000000eb500000)
  object space 44032K, 0% used [0x00000000c1e00000,0x00000000c1e4fda8,0x00000000c4900000)
 Metaspace       used 8339K, capacity 8594K, committed 8832K, reserved 1056768K
  class space    used 997K, capacity 1078K, committed 1152K, reserved 1048576K
Event: 4.788 GC heap after
Heap after GC invocations=4 (full 0):
 PSYoungGen      total 35328K, used 2556K [0x00000000eb500000, 0x00000000eda00000, 0x0000000100000000)
  eden space 32768K, 0% used [0x00000000eb500000,0x00000000eb500000,0x00000000ed500000)
  from space 2560K, 99% used [0x00000000ed780000,0x00000000ed9ff208,0x00000000eda00000)
  to   space 2560K, 0% used [0x00000000ed500000,0x00000000ed500000,0x00000000ed780000)
 ParOldGen       total 44032K, used 1180K [0x00000000c1e00000, 0x00000000c4900000, 0x00000000eb500000)
  object space 44032K, 2% used [0x00000000c1e00000,0x00000000c1f27190,0x00000000c4900000)
 Metaspace       used 8339K, capacity 8594K, committed 8832K, reserved 1056768K
  class space    used 997K, capacity 1078K, committed 1152K, reserved 1048576K
}

Deoptimization events (6 events):
Event: 2.378 Thread 0x0000000002b34000 Uncommon trap: reason=unstable_if action=reinterpret pc=0x0000000002eae5d8 method=sun.misc.MetaIndex.mayContain(Ljava/lang/String;)Z @ 38
Event: 3.552 Thread 0x0000000002b34000 Uncommon trap: reason=range_check action=make_not_entrant pc=0x0000000002fa3620 method=sun.reflect.generics.parser.SignatureParser.current()C @ 34
Event: 4.194 Thread 0x0000000017a11000 Uncommon trap: reason=unstable_if action=reinterpret pc=0x0000000002fdba1c method=java.io.WinNTFileSystem.normalize(Ljava/lang/String;II)Ljava/lang/String; @ 90
Event: 4.197 Thread 0x0000000017a11000 Uncommon trap: reason=class_check action=maybe_recompile pc=0x0000000002ea5944 method=sun.misc.URLClassPath.getLoader(I)Lsun/misc/URLClassPath$Loader; @ 94
Event: 4.328 Thread 0x0000000017a11000 Uncommon trap: reason=unstable_if action=reinterpret pc=0x0000000002e8be1c method=java.lang.String.indexOf([CII[CIII)I @ 3
Event: 5.400 Thread 0x0000000017a11000 Uncommon trap: reason=unstable_if action=reinterpret pc=0x0000000002fbb348 method=java.net.URI.match(CJJ)Z @ 19

Classes redefined (0 events):
No events

Internal exceptions (10 events):
Event: 3.547 Thread 0x0000000002b34000 Exception <a 'java/lang/ArrayIndexOutOfBoundsException'> (0x00000000eb66b428) thrown at [C:\re\workspace\8-2-build-windows-amd64-cygwin\jdk8u231\13620\hotspot\src\share\vm\runtime\sharedRuntime.cpp, line 605]
Event: 3.547 Thread 0x0000000002b34000 Exception <a 'java/lang/ArrayIndexOutOfBoundsException'> (0x00000000eb66d4f0) thrown at [C:\re\workspace\8-2-build-windows-amd64-cygwin\jdk8u231\13620\hotspot\src\share\vm\runtime\sharedRuntime.cpp, line 605]
Event: 3.548 Thread 0x0000000002b34000 Exception <a 'java/lang/ArrayIndexOutOfBoundsException'> (0x00000000eb66f0a8) thrown at [C:\re\workspace\8-2-build-windows-amd64-cygwin\jdk8u231\13620\hotspot\src\share\vm\runtime\sharedRuntime.cpp, line 605]
Event: 3.549 Thread 0x0000000002b34000 Exception <a 'java/lang/ArrayIndexOutOfBoundsException'> (0x00000000eb670de0) thrown at [C:\re\workspace\8-2-build-windows-amd64-cygwin\jdk8u231\13620\hotspot\src\share\vm\runtime\sharedRuntime.cpp, line 605]
Event: 3.550 Thread 0x0000000002b34000 Exception <a 'java/lang/ArrayIndexOutOfBoundsException'> (0x00000000eb673590) thrown at [C:\re\workspace\8-2-build-windows-amd64-cygwin\jdk8u231\13620\hotspot\src\share\vm\runtime\sharedRuntime.cpp, line 605]
Event: 3.550 Thread 0x0000000002b34000 Exception <a 'java/lang/ArrayIndexOutOfBoundsException'> (0x00000000eb684908) thrown at [C:\re\workspace\8-2-build-windows-amd64-cygwin\jdk8u231\13620\hotspot\src\share\vm\runtime\sharedRuntime.cpp, line 605]
Event: 3.552 Thread 0x0000000002b34000 Exception <a 'java/lang/ArrayIndexOutOfBoundsException': 126> (0x00000000eb686908) thrown at [C:\re\workspace\8-2-build-windows-amd64-cygwin\jdk8u231\13620\hotspot\src\share\vm\interpreter\interpreterRuntime.cpp, line 368]
Event: 4.169 Thread 0x00000000176ee000 Exception <a 'java/lang/NoSuchMethodError': java.lang.Object.lambda$static$0(Ljava/lang/Throwable;)Lorg/springframework/boot/devtools/restart/FailureHandler$Outcome;> (0x00000000ebc93cc8) thrown at [C:\re\workspace\8-2-build-windows-amd64-cygwin\jdk8u231\
Event: 4.513 Thread 0x0000000017a11000 Exception <a 'java/io/FileNotFoundException'> (0x00000000ec061828) thrown at [C:\re\workspace\8-2-build-windows-amd64-cygwin\jdk8u231\13620\hotspot\src\share\vm\prims\jni.cpp, line 710]
Event: 5.070 Thread 0x0000000017a11000 Exception <a 'java/lang/NoSuchMethodError': java.lang.Object.lambda$chars$0()Ljava/util/Spliterator$OfInt;> (0x00000000ebbe9f30) thrown at [C:\re\workspace\8-2-build-windows-amd64-cygwin\jdk8u231\13620\hotspot\src\share\vm\interpreter\linkResolver.cpp, li

Events (10 events):
Event: 5.534 loading class sun/management/VMManagementImpl
Event: 5.534 loading class sun/management/VMManagement
Event: 5.534 loading class sun/management/VMManagement done
Event: 5.535 loading class sun/management/VMManagementImpl done
Event: 5.535 loading class sun/management/RuntimeImpl
Event: 5.536 loading class java/lang/management/RuntimeMXBean
Event: 5.536 loading class java/lang/management/PlatformManagedObject
Event: 5.536 loading class java/lang/management/PlatformManagedObject done
Event: 5.536 loading class java/lang/management/RuntimeMXBean done
Event: 5.536 loading class sun/management/RuntimeImpl done


Dynamic libraries:
0x00007ff6cfbe0000 - 0x00007ff6cfc17000 	C:\Program Files\Java\jre1.8.0_221\bin\javaw.exe
0x00007ffd66ca0000 - 0x00007ffd66e8d000 	C:\Windows\SYSTEM32\ntdll.dll
0x00007ffd53630000 - 0x00007ffd53644000 	C:\Program Files\AVAST Software\Avast\aswhook.dll
0x00007ffd665e0000 - 0x00007ffd66693000 	C:\Windows\System32\KERNEL32.DLL
0x00007ffd63c00000 - 0x00007ffd63e93000 	C:\Windows\System32\KERNELBASE.dll
0x00007ffd66880000 - 0x00007ffd66923000 	C:\Windows\System32\ADVAPI32.dll
0x00007ffd66700000 - 0x00007ffd6679e000 	C:\Windows\System32\msvcrt.dll
0x00007ffd66050000 - 0x00007ffd660ee000 	C:\Windows\System32\sechost.dll
0x00007ffd66320000 - 0x00007ffd66442000 	C:\Windows\System32\RPCRT4.dll
0x00007ffd65bf0000 - 0x00007ffd65d87000 	C:\Windows\System32\USER32.dll
0x00007ffd63af0000 - 0x00007ffd63b10000 	C:\Windows\System32\win32u.dll
0x00007ffd667a0000 - 0x00007ffd667c9000 	C:\Windows\System32\GDI32.dll
0x00007ffd62d60000 - 0x00007ffd62ef9000 	C:\Windows\System32\gdi32full.dll
0x00007ffd63b60000 - 0x00007ffd63c00000 	C:\Windows\System32\msvcp_win.dll
0x00007ffd63910000 - 0x00007ffd63a0a000 	C:\Windows\System32\ucrtbase.dll
0x00007ffd53120000 - 0x00007ffd53399000 	C:\Windows\WinSxS\amd64_microsoft.windows.common-controls_6595b64144ccf1df_6.0.17763.914_none_05b346b2072102f2\COMCTL32.dll
0x00007ffd66940000 - 0x00007ffd66c6c000 	C:\Windows\System32\combase.dll
0x00007ffd63650000 - 0x00007ffd636ce000 	C:\Windows\System32\bcryptPrimitives.dll
0x00007ffd65f50000 - 0x00007ffd65f7e000 	C:\Windows\System32\IMM32.DLL
0x000000006dec0000 - 0x000000006df92000 	C:\Program Files\Java\jre1.8.0_221\bin\msvcr100.dll
0x000000006d250000 - 0x000000006daf6000 	C:\Program Files\Java\jre1.8.0_221\bin\server\jvm.dll
0x00007ffd65f40000 - 0x00007ffd65f48000 	C:\Windows\System32\PSAPI.DLL
0x00007ffd54040000 - 0x00007ffd54049000 	C:\Windows\SYSTEM32\WSOCK32.dll
0x00007ffd65fe0000 - 0x00007ffd6604d000 	C:\Windows\System32\WS2_32.dll
0x00007ffd5dd60000 - 0x00007ffd5dd84000 	C:\Windows\SYSTEM32\WINMM.dll
0x00007ffd5bb70000 - 0x00007ffd5bb7a000 	C:\Windows\SYSTEM32\VERSION.dll
0x00007ffd5dd30000 - 0x00007ffd5dd5d000 	C:\Windows\SYSTEM32\WINMMBASE.dll
0x00007ffd63b10000 - 0x00007ffd63b5a000 	C:\Windows\System32\cfgmgr32.dll
0x00007ffd5e3f0000 - 0x00007ffd5e3ff000 	C:\Program Files\Java\jre1.8.0_221\bin\verify.dll
0x00007ffd4fce0000 - 0x00007ffd4fd09000 	C:\Program Files\Java\jre1.8.0_221\bin\java.dll
0x00007ffd4e540000 - 0x00007ffd4e556000 	C:\Program Files\Java\jre1.8.0_221\bin\zip.dll
0x00007ffd64670000 - 0x00007ffd65b64000 	C:\Windows\System32\SHELL32.dll
0x00007ffd667d0000 - 0x00007ffd66878000 	C:\Windows\System32\shcore.dll
0x00007ffd62f00000 - 0x00007ffd6364d000 	C:\Windows\System32\windows.storage.dll
0x00007ffd62d30000 - 0x00007ffd62d54000 	C:\Windows\System32\profapi.dll
0x00007ffd62cb0000 - 0x00007ffd62d0d000 	C:\Windows\System32\powrprof.dll
0x00007ffd63ec0000 - 0x00007ffd63f12000 	C:\Windows\System32\shlwapi.dll
0x00007ffd62c90000 - 0x00007ffd62ca1000 	C:\Windows\System32\kernel.appcore.dll
0x00007ffd63ea0000 - 0x00007ffd63eb7000 	C:\Windows\System32\cryptsp.dll
0x00007ffd4fc20000 - 0x00007ffd4fc2d000 	C:\Program Files\Java\jre1.8.0_221\bin\management.dll

VM Arguments:
jvm_args: -Dfile.encoding=UTF-8 
java_command: app.foodapplication.FoodapplicationApplication
java_class_path (initial): C:\Users\Admin\Documents\studia\Projektowanie aplikacji internetowych - P¹k\foodapplication\foodapplication\target\classes;C:\Users\Admin\.m2\repository\org\springframework\boot\spring-boot-starter-data-jpa\2.1.11.RELEASE\spring-boot-starter-data-jpa-2.1.11.RELEASE.jar;C:\Users\Admin\.m2\repository\org\springframework\boot\spring-boot-starter-aop\2.1.11.RELEASE\spring-boot-starter-aop-2.1.11.RELEASE.jar;C:\Users\Admin\.m2\repository\org\springframework\spring-aop\5.1.12.RELEASE\spring-aop-5.1.12.RELEASE.jar;C:\Users\Admin\.m2\repository\org\aspectj\aspectjweaver\1.9.5\aspectjweaver-1.9.5.jar;C:\Users\Admin\.m2\repository\org\springframework\boot\spring-boot-starter-jdbc\2.1.11.RELEASE\spring-boot-starter-jdbc-2.1.11.RELEASE.jar;C:\Users\Admin\.m2\repository\com\zaxxer\HikariCP\3.2.0\HikariCP-3.2.0.jar;C:\Users\Admin\.m2\repository\org\springframework\spring-jdbc\5.1.12.RELEASE\spring-jdbc-5.1.12.RELEASE.jar;C:\Users\Admin\.m2\repository\javax\transaction\javax.transaction-api\1.3\javax.transaction-api-1.3.jar;C:\Users\Admin\.m2\repository\javax\xml\bind\jaxb-api\2.3.1\jaxb-api-2.3.1.jar;C:\Users\Admin\.m2\repository\javax\activation\javax.activation-api\1.2.0\javax.activation-api-1.2.0.jar;C:\Users\Admin\.m2\repository\org\hibernate\hibernate-core\5.3.14.Final\hibernate-core-5.3.14.Final.jar;C:\Users\Admin\.m2\repository\org\jboss\logging\jboss-logging\3.3.3.Final\jboss-logging-3.3.3.Final.jar;C:\Users\Admin\.m2\repository\javax\persistence\javax.persistence-api\2.2\javax.persistence-api-2.2.jar;C:\Users\Admin\.m2\repository\org\javassist\javassist\3.23.2-GA\javassist-3.23.2-GA.jar;C:\Users\Admin\.m2\repository\net\bytebuddy\byte-buddy\1.9.16\byte-buddy-1.9.16.jar;C:\Users\Admin\.m2\repository\antlr\antlr\2.7.7\antlr-2.7.7.jar;C:\Users\Admin\.m2\repository\org\jboss\jandex\2.0.5.Final\jandex-2.0.5.Final.jar;C:\Users\Admin\.m2\repository\com\fasterxml\classmate\1.4.0\classmate-1.4.0.jar;C:\Users\Admin\.m2\repository\org\dom4j\dom4j\2.1.1\
Launcher Type: SUN_STANDARD

Environment Variables:
PATH=C:/Program Files/Java/jre1.8.0_221/bin/server;C:/Program Files/Java/jre1.8.0_221/bin;C:/Program Files/Java/jre1.8.0_221/lib/amd64;C:\Program Files (x86)\Common Files\Oracle\Java\javapath;C:\app\Admin\virtual\product\12.2.0\dbhome_1\bin;C:\Windows\system32;C:\Windows;C:\Windows\System32\Wbem;C:\Windows\System32\WindowsPowerShell\v1.0\;C:\Windows\System32\OpenSSH\;C:\Program Files\MySQL\MySQL Shell 8.0\bin\;C:\Users\Admin\AppData\Local\Microsoft\WindowsApps;C:\Windows\system32;
USERNAME=Admin
OS=Windows_NT
PROCESSOR_IDENTIFIER=Intel64 Family 6 Model 69 Stepping 1, GenuineIntel



---------------  S Y S T E M  ---------------

OS: Windows 10.0 , 64 bit Build 17763 (10.0.17763.475)

CPU:total 4 (initial active 4) (2 cores per cpu, 2 threads per core) family 6 model 69 stepping 1, cmov, cx8, fxsr, mmx, sse, sse2, sse3, ssse3, sse4.1, sse4.2, popcnt, avx, avx2, aes, clmul, erms, lzcnt, ht, tsc, tscinvbit, bmi1, bmi2

Memory: 4k page, physical 4071256k(209928k free), swap 16654168k(2088k free)

vm_info: Java HotSpot(TM) 64-Bit Server VM (25.231-b11) for windows-amd64 JRE (1.8.0_231-b11), built on Oct  5 2019 03:11:30 by "java_re" with MS VC++ 10.0 (VS2010)

time: Sat Jan 04 01:02:27 2020
timezone: Œrodkowoeuropejski czas stand.
elapsed time: 5 seconds (0d 0h 0m 5s)

